\BOOKMARK [0][-]{titlepage.0}{\376\377\000T\000i\000t\000l\000e\000p\000a\000g\000e}{}% 1
\BOOKMARK [0][-]{chapter*.1}{\376\377\000A\000b\000s\000t\000r\000a\000c\000t}{}% 2
\BOOKMARK [0][-]{toc.0}{\376\377\000C\000o\000n\000t\000e\000n\000t\000s}{}% 3
\BOOKMARK [0][-]{section*.3}{\376\377\000L\000i\000s\000t\000\040\000o\000f\000\040\000F\000i\000g\000u\000r\000e\000s}{}% 4
\BOOKMARK [0][-]{section*.5}{\376\377\000L\000i\000s\000t\000\040\000o\000f\000\040\000T\000a\000b\000l\000e\000s}{}% 5
\BOOKMARK [0][-]{chapter.1}{\376\377\000I\000n\000t\000r\000o\000d\000u\000c\000t\000i\000o\000n}{}% 6
\BOOKMARK [1][-]{section.1.1}{\376\377\000B\000a\000c\000k\000g\000r\000o\000u\000n\000d\000\040\000a\000n\000d\000\040\000M\000o\000t\000i\000v\000a\000t\000i\000o\000n}{chapter.1}% 7
\BOOKMARK [2][-]{subsection.1.1.1}{\376\377\000C\000y\000b\000e\000r\000-\000P\000h\000y\000s\000i\000c\000a\000l\000\040\000S\000y\000s\000t\000e\000m\000s\000\040\000E\000v\000o\000l\000u\000t\000i\000o\000n}{section.1.1}% 8
\BOOKMARK [2][-]{subsection.1.1.2}{\376\377\000D\000i\000g\000i\000t\000a\000l\000\040\000T\000w\000i\000n\000s\000\040\000a\000s\000\040\000C\000o\000g\000n\000i\000t\000i\000v\000e\000\040\000B\000r\000i\000d\000g\000e\000s}{section.1.1}% 9
\BOOKMARK [2][-]{subsection.1.1.3}{\376\377\000L\000a\000r\000g\000e\000\040\000L\000a\000n\000g\000u\000a\000g\000e\000\040\000M\000o\000d\000e\000l\000s\000\040\000a\000s\000\040\000C\000o\000g\000n\000i\000t\000i\000v\000e\000\040\000C\000o\000r\000e\000s}{section.1.1}% 10
\BOOKMARK [2][-]{subsection.1.1.4}{\376\377\000I\000n\000t\000e\000g\000r\000a\000t\000i\000o\000n\000\040\000C\000h\000a\000l\000l\000e\000n\000g\000e\000s}{section.1.1}% 11
\BOOKMARK [1][-]{section.1.2}{\376\377\000T\000h\000e\000\040\000C\000o\000g\000n\000i\000t\000i\000v\000e\000-\000P\000h\000y\000s\000i\000c\000a\000l\000\040\000G\000a\000p\000\040\000i\000n\000\040\000C\000y\000b\000e\000r\000-\000P\000h\000y\000s\000i\000c\000a\000l\000\040\000S\000y\000s\000t\000e\000m\000s}{chapter.1}% 12
\BOOKMARK [2][-]{subsection.1.2.1}{\376\377\000R\000e\000a\000l\000i\000t\000y\000\040\000G\000r\000o\000u\000n\000d\000i\000n\000g\000\040\000P\000r\000o\000b\000l\000e\000m}{section.1.2}% 13
\BOOKMARK [2][-]{subsection.1.2.2}{\376\377\000M\000o\000d\000e\000l\000\040\000U\000t\000i\000l\000i\000z\000a\000t\000i\000o\000n\000\040\000P\000r\000o\000b\000l\000e\000m}{section.1.2}% 14
\BOOKMARK [2][-]{subsection.1.2.3}{\376\377\000S\000a\000f\000e\000\040\000E\000x\000e\000c\000u\000t\000i\000o\000n\000\040\000P\000r\000o\000b\000l\000e\000m}{section.1.2}% 15
\BOOKMARK [2][-]{subsection.1.2.4}{\376\377\000S\000y\000s\000t\000e\000m\000a\000t\000i\000c\000\040\000A\000p\000p\000r\000o\000a\000c\000h}{section.1.2}% 16
\BOOKMARK [1][-]{section.1.3}{\376\377\000R\000e\000s\000e\000a\000r\000c\000h\000\040\000O\000b\000j\000e\000c\000t\000i\000v\000e\000s\000\040\000a\000n\000d\000\040\000Q\000u\000e\000s\000t\000i\000o\000n\000s}{chapter.1}% 17
\BOOKMARK [1][-]{section.1.4}{\376\377\000C\000o\000r\000e\000\040\000C\000o\000n\000t\000r\000i\000b\000u\000t\000i\000o\000n\000s}{chapter.1}% 18
\BOOKMARK [1][-]{section.1.5}{\376\377\000T\000h\000e\000s\000i\000s\000\040\000S\000t\000r\000u\000c\000t\000u\000r\000e}{chapter.1}% 19
\BOOKMARK [0][-]{chapter.2}{\376\377\000L\000i\000t\000e\000r\000a\000t\000u\000r\000e\000\040\000R\000e\000v\000i\000e\000w}{}% 20
\BOOKMARK [1][-]{section.2.1}{\376\377\000D\000i\000g\000i\000t\000a\000l\000\040\000T\000w\000i\000n\000s\000:\000\040\000M\000a\000t\000u\000r\000i\000t\000y\000\040\000M\000o\000d\000e\000l\000s\000\040\000a\000n\000d\000\040\000F\000u\000n\000c\000t\000i\000o\000n\000a\000l\000\040\000G\000a\000p\000s}{chapter.2}% 21
\BOOKMARK [2][-]{subsection.2.1.1}{\376\377\000E\000n\000g\000i\000n\000e\000e\000r\000i\000n\000g\000\040\000M\000a\000t\000u\000r\000i\000t\000y\000\040\000F\000r\000a\000m\000e\000w\000o\000r\000k\000s}{section.2.1}% 22
\BOOKMARK [2][-]{subsection.2.1.2}{\376\377\000F\000u\000n\000c\000t\000i\000o\000n\000a\000l\000\040\000C\000l\000a\000s\000s\000i\000f\000i\000c\000a\000t\000i\000o\000n\000\040\000G\000a\000p\000s}{section.2.1}% 23
\BOOKMARK [1][-]{section.2.2}{\376\377\000L\000a\000r\000g\000e\000\040\000L\000a\000n\000g\000u\000a\000g\000e\000\040\000M\000o\000d\000e\000l\000s\000\040\000a\000n\000d\000\040\000t\000h\000e\000\040\000G\000r\000o\000u\000n\000d\000i\000n\000g\000\040\000P\000r\000o\000b\000l\000e\000m}{chapter.2}% 24
\BOOKMARK [2][-]{subsection.2.2.1}{\376\377\000R\000A\000G\000\040\000A\000r\000c\000h\000i\000t\000e\000c\000t\000u\000r\000e\000\040\000a\000n\000d\000\040\000I\000m\000p\000l\000e\000m\000e\000n\000t\000a\000t\000i\000o\000n\000s}{section.2.2}% 25
\BOOKMARK [2][-]{subsection.2.2.2}{\376\377\000P\000a\000r\000a\000d\000i\000g\000m\000\040\000M\000i\000s\000m\000a\000t\000c\000h\000\040\000i\000n\000\040\000P\000h\000y\000s\000i\000c\000a\000l\000\040\000E\000n\000v\000i\000r\000o\000n\000m\000e\000n\000t\000s}{section.2.2}% 26
\BOOKMARK [2][-]{subsection.2.2.3}{\376\377\000S\000t\000r\000u\000c\000t\000u\000r\000e\000d\000\040\000Q\000u\000e\000r\000y\000\040\000I\000n\000t\000e\000g\000r\000a\000t\000i\000o\000n\000\040\000C\000h\000a\000l\000l\000e\000n\000g\000e\000s}{section.2.2}% 27
\BOOKMARK [1][-]{section.2.3}{\376\377\000C\000o\000g\000n\000i\000t\000i\000v\000e\000\040\000A\000g\000e\000n\000t\000s\000:\000\040\000I\000n\000t\000e\000g\000r\000a\000t\000i\000o\000n\000\040\000P\000a\000r\000a\000d\000i\000g\000m\000s\000\040\000a\000n\000d\000\040\000A\000r\000c\000h\000i\000t\000e\000c\000t\000u\000r\000a\000l\000\040\000D\000e\000f\000i\000c\000i\000e\000n\000c\000i\000e\000s}{chapter.2}% 28
\BOOKMARK [2][-]{subsection.2.3.1}{\376\377\000F\000r\000o\000m\000\040\000L\000a\000n\000g\000u\000a\000g\000e\000\040\000M\000o\000d\000e\000l\000s\000\040\000t\000o\000\040\000A\000u\000t\000o\000n\000o\000m\000o\000u\000s\000\040\000A\000g\000e\000n\000t\000s}{section.2.3}% 29
\BOOKMARK [2][-]{subsection.2.3.2}{\376\377\000S\000u\000c\000c\000e\000s\000s\000\040\000i\000n\000\040\000D\000i\000g\000i\000t\000a\000l\000\040\000D\000o\000m\000a\000i\000n\000s}{section.2.3}% 30
\BOOKMARK [2][-]{subsection.2.3.3}{\376\377\000T\000h\000e\000\040\000C\000o\000g\000n\000i\000t\000i\000v\000e\000-\000P\000h\000y\000s\000i\000c\000a\000l\000\040\000G\000a\000p}{section.2.3}% 31
\BOOKMARK [2][-]{subsection.2.3.4}{\376\377\000L\000i\000m\000i\000t\000a\000t\000i\000o\000n\000s\000\040\000o\000f\000\040\000C\000u\000r\000r\000e\000n\000t\000\040\000I\000n\000t\000e\000g\000r\000a\000t\000i\000o\000n\000\040\000A\000p\000p\000r\000o\000a\000c\000h\000e\000s}{section.2.3}% 32
\BOOKMARK [1][-]{section.2.4}{\376\377\000R\000e\000s\000e\000a\000r\000c\000h\000\040\000G\000a\000p\000\040\000A\000n\000a\000l\000y\000s\000i\000s}{chapter.2}% 33
\BOOKMARK [2][-]{subsection.2.4.1}{\376\377\000I\000n\000t\000e\000g\000r\000a\000t\000i\000o\000n\000\040\000C\000h\000a\000l\000l\000e\000n\000g\000e\000s}{section.2.4}% 34
\BOOKMARK [2][-]{subsection.2.4.2}{\376\377\000A\000b\000s\000e\000n\000c\000e\000\040\000o\000f\000\040\000S\000y\000s\000t\000e\000m\000a\000t\000i\000c\000\040\000S\000o\000l\000u\000t\000i\000o\000n\000s}{section.2.4}% 35
\BOOKMARK [2][-]{subsection.2.4.3}{\376\377\000E\000v\000a\000l\000u\000a\000t\000i\000o\000n\000\040\000a\000n\000d\000\040\000B\000e\000n\000c\000h\000m\000a\000r\000k\000i\000n\000g\000\040\000G\000a\000p\000s}{section.2.4}% 36
\BOOKMARK [2][-]{subsection.2.4.4}{\376\377\000F\000u\000t\000u\000r\000e\000\040\000R\000e\000s\000e\000a\000r\000c\000h\000\040\000D\000i\000r\000e\000c\000t\000i\000o\000n\000s}{section.2.4}% 37
\BOOKMARK [1][-]{section.2.5}{\376\377\000C\000h\000a\000p\000t\000e\000r\000\040\000S\000u\000m\000m\000a\000r\000y}{chapter.2}% 38
\BOOKMARK [0][-]{chapter.3}{\376\377\000M\000e\000t\000h\000o\000d\000o\000l\000o\000g\000y}{}% 39
\BOOKMARK [1][-]{section.3.1}{\376\377\000T\000h\000e\000\040\000T\000h\000r\000e\000e\000-\000T\000i\000e\000r\000\040\000D\000i\000g\000i\000t\000a\000l\000\040\000T\000w\000i\000n\000\040\000F\000r\000a\000m\000e\000w\000o\000r\000k}{chapter.3}% 40
\BOOKMARK [2][-]{subsection.3.1.1}{\376\377\000F\000r\000a\000m\000e\000w\000o\000r\000k\000\040\000S\000t\000r\000u\000c\000t\000u\000r\000e\000\040\000a\000n\000d\000\040\000D\000e\000f\000i\000n\000i\000t\000i\000o\000n\000s}{section.3.1}% 41
\BOOKMARK [2][-]{subsection.3.1.2}{\376\377\000L\0001\000\040\000-\000\040\000D\000e\000s\000c\000r\000i\000p\000t\000i\000v\000e\000\040\000T\000w\000i\000n\000:\000\040\000A\000u\000t\000h\000o\000r\000i\000t\000a\000t\000i\000v\000e\000\040\000R\000e\000c\000o\000r\000d\000\040\000o\000f\000\040\000R\000e\000a\000l\000i\000t\000y}{section.3.1}% 42
\BOOKMARK [2][-]{subsection.3.1.3}{\376\377\000L\0002\000\040\000-\000\040\000P\000r\000e\000d\000i\000c\000t\000i\000v\000e\000\040\000T\000w\000i\000n\000:\000\040\000C\000a\000u\000s\000a\000l\000\040\000S\000i\000m\000u\000l\000a\000t\000o\000r\000\040\000o\000f\000\040\000T\000i\000m\000e}{section.3.1}% 43
\BOOKMARK [2][-]{subsection.3.1.4}{\376\377\000L\0003\000\040\000-\000\040\000I\000n\000t\000e\000r\000a\000c\000t\000i\000v\000e\000\040\000T\000w\000i\000n\000:\000\040\000C\000o\000u\000n\000t\000e\000r\000f\000a\000c\000t\000u\000a\000l\000\040\000S\000a\000n\000d\000b\000o\000x\000\040\000f\000o\000r\000\040\000A\000c\000t\000i\000o\000n}{section.3.1}% 44
\BOOKMARK [2][-]{subsection.3.1.5}{\376\377\000F\000r\000a\000m\000e\000w\000o\000r\000k\000\040\000V\000a\000l\000i\000d\000a\000t\000i\000o\000n\000\040\000a\000n\000d\000\040\000A\000p\000p\000l\000i\000c\000a\000t\000i\000o\000n}{section.3.1}% 45
\BOOKMARK [1][-]{section.3.2}{\376\377\000C\000O\000R\000T\000E\000X\000:\000\040\000A\000\040\000C\000o\000g\000n\000i\000t\000i\000v\000e\000\040\000A\000r\000c\000h\000i\000t\000e\000c\000t\000u\000r\000e\000\040\000f\000o\000r\000\040\000L\000L\000M\000-\000d\000r\000i\000v\000e\000n\000\040\000A\000g\000e\000n\000t\000s}{chapter.3}% 46
\BOOKMARK [2][-]{subsection.3.2.1}{\376\377\000P\000e\000r\000c\000e\000p\000t\000i\000o\000n\000\040\000M\000o\000d\000u\000l\000e\000:\000\040\000D\000i\000g\000i\000t\000a\000l\000\040\000T\000w\000i\000n\000-\000n\000a\000t\000i\000v\000e\000\040\000R\000e\000t\000r\000i\000e\000v\000a\000l\000-\000A\000u\000g\000m\000e\000n\000t\000e\000d\000\040\000G\000e\000n\000e\000r\000a\000t\000i\000o\000n\000\040\000\050\000D\000T\000-\000R\000A\000G\000\051}{section.3.2}% 47
\BOOKMARK [2][-]{subsection.3.2.2}{\376\377\000R\000e\000a\000s\000o\000n\000i\000n\000g\000\040\000M\000o\000d\000u\000l\000e\000:\000\040\000M\000o\000d\000e\000l\000-\000P\000r\000o\000f\000i\000l\000e\000-\000D\000r\000i\000v\000e\000n\000\040\000D\000e\000e\000p\000\040\000T\000o\000o\000l\000\040\000O\000r\000c\000h\000e\000s\000t\000r\000a\000t\000i\000o\000n}{section.3.2}% 48
\BOOKMARK [2][-]{subsection.3.2.3}{\376\377\000A\000c\000t\000i\000o\000n\000\040\000M\000o\000d\000u\000l\000e\000:\000\040\000S\000l\000o\000w\000-\000F\000a\000s\000t\000\040\000D\000u\000a\000l\000-\000L\000o\000o\000p\000\040\000C\000o\000o\000r\000d\000i\000n\000a\000t\000i\000o\000n\000\040\000M\000e\000c\000h\000a\000n\000i\000s\000m}{section.3.2}% 49
\BOOKMARK [1][-]{section.3.3}{\376\377\000E\000v\000a\000l\000u\000a\000t\000i\000o\000n\000\040\000F\000r\000a\000m\000e\000w\000o\000r\000k\000\040\000a\000n\000d\000\040\000M\000e\000t\000r\000i\000c\000s}{chapter.3}% 50
\BOOKMARK [2][-]{subsection.3.3.1}{\376\377\000E\000x\000p\000e\000r\000i\000m\000e\000n\000t\000a\000l\000\040\000D\000e\000s\000i\000g\000n\000\040\000a\000n\000d\000\040\000M\000e\000t\000h\000o\000d\000o\000l\000o\000g\000y}{section.3.3}% 51
\BOOKMARK [2][-]{subsection.3.3.2}{\376\377\000K\000e\000y\000\040\000P\000e\000r\000f\000o\000r\000m\000a\000n\000c\000e\000\040\000I\000n\000d\000i\000c\000a\000t\000o\000r\000s\000\040\000\050\000K\000P\000I\000s\000\051}{section.3.3}% 52
\BOOKMARK [2][-]{subsection.3.3.3}{\376\377\000C\000o\000g\000n\000i\000t\000i\000v\000e\000\040\000G\000a\000i\000n\000:\000\040\000A\000\040\000C\000o\000m\000p\000r\000e\000h\000e\000n\000s\000i\000v\000e\000\040\000P\000e\000r\000f\000o\000r\000m\000a\000n\000c\000e\000\040\000M\000e\000t\000r\000i\000c}{section.3.3}% 53
\BOOKMARK [2][-]{subsection.3.3.4}{\376\377\000E\000v\000a\000l\000u\000a\000t\000i\000o\000n\000\040\000P\000r\000o\000t\000o\000c\000o\000l\000\040\000a\000n\000d\000\040\000P\000r\000o\000c\000e\000d\000u\000r\000e\000s}{section.3.3}% 54
\BOOKMARK [1][-]{section.3.4}{\376\377\000R\000e\000s\000e\000a\000r\000c\000h\000\040\000P\000l\000a\000n}{chapter.3}% 55
\BOOKMARK [2][-]{subsection.3.4.1}{\376\377\000T\000h\000r\000e\000e\000-\000P\000h\000a\000s\000e\000d\000\040\000I\000m\000p\000l\000e\000m\000e\000n\000t\000a\000t\000i\000o\000n\000\040\000S\000t\000r\000a\000t\000e\000g\000y}{section.3.4}% 56
\BOOKMARK [2][-]{subsection.3.4.2}{\376\377\000C\000r\000o\000s\000s\000-\000D\000o\000m\000a\000i\000n\000\040\000V\000a\000l\000i\000d\000a\000t\000i\000o\000n\000\040\000S\000t\000r\000a\000t\000e\000g\000y}{section.3.4}% 57
\BOOKMARK [2][-]{subsection.3.4.3}{\376\377\000E\000v\000a\000l\000u\000a\000t\000i\000o\000n\000\040\000a\000n\000d\000\040\000V\000a\000l\000i\000d\000a\000t\000i\000o\000n\000\040\000P\000r\000o\000t\000o\000c\000o\000l}{section.3.4}% 58
\BOOKMARK [2][-]{subsection.3.4.4}{\376\377\000E\000x\000p\000e\000c\000t\000e\000d\000\040\000O\000u\000t\000c\000o\000m\000e\000s\000\040\000a\000n\000d\000\040\000V\000a\000l\000i\000d\000a\000t\000i\000o\000n\000\040\000C\000r\000i\000t\000e\000r\000i\000a}{section.3.4}% 59
\BOOKMARK [2][-]{subsection.3.4.5}{\376\377\000R\000i\000s\000k\000\040\000M\000i\000t\000i\000g\000a\000t\000i\000o\000n\000\040\000a\000n\000d\000\040\000C\000o\000n\000t\000i\000n\000g\000e\000n\000c\000y\000\040\000P\000l\000a\000n\000n\000i\000n\000g}{section.3.4}% 60
\BOOKMARK [1][-]{section.3.5}{\376\377\000C\000h\000a\000p\000t\000e\000r\000\040\000S\000u\000m\000m\000a\000r\000y}{chapter.3}% 61
\BOOKMARK [0][-]{chapter.4}{\376\377\000C\000a\000s\000e\000\040\000S\000t\000u\000d\000y\000\040\000I\000:\000\040\000B\000u\000i\000l\000d\000i\000n\000g\000\040\000H\000e\000a\000l\000t\000h\000\040\000M\000o\000n\000i\000t\000o\000r\000i\000n\000g}{}% 62
\BOOKMARK [1][-]{section.4.1}{\376\377\000D\000o\000m\000a\000i\000n\000\040\000a\000n\000d\000\040\000E\000x\000p\000e\000r\000i\000m\000e\000n\000t\000a\000l\000\040\000O\000b\000j\000e\000c\000t\000i\000v\000e\000s}{chapter.4}% 63
\BOOKMARK [2][-]{subsection.4.1.1}{\376\377\000C\000r\000i\000t\000i\000c\000a\000l\000\040\000F\000l\000a\000w\000s\000\040\000i\000n\000\040\000D\000i\000r\000e\000c\000t\000\040\000L\000L\000M\000\040\000A\000p\000p\000l\000i\000c\000a\000t\000i\000o\000n}{section.4.1}% 64
\BOOKMARK [2][-]{subsection.4.1.2}{\376\377\000R\000e\000s\000e\000a\000r\000c\000h\000\040\000O\000b\000j\000e\000c\000t\000i\000v\000e\000s}{section.4.1}% 65
\BOOKMARK [1][-]{section.4.2}{\376\377\000T\000w\000i\000n\000\040\000C\000o\000n\000s\000t\000r\000u\000c\000t\000i\000o\000n\000\040\000a\000n\000d\000\040\000C\000O\000R\000T\000E\000X\000\040\000I\000m\000p\000l\000e\000m\000e\000n\000t\000a\000t\000i\000o\000n}{chapter.4}% 66
\BOOKMARK [2][-]{subsection.4.2.1}{\376\377\000B\000u\000i\000l\000d\000i\000n\000g\000\040\000D\000i\000a\000g\000n\000o\000s\000i\000s\000\040\000T\000a\000s\000k\000\040\000F\000o\000r\000m\000a\000l\000i\000z\000a\000t\000i\000o\000n}{section.4.2}% 67
\BOOKMARK [2][-]{subsection.4.2.2}{\376\377\000L\0001\000\040\000D\000e\000s\000c\000r\000i\000p\000t\000i\000v\000e\000\040\000T\000w\000i\000n\000\040\000C\000o\000n\000s\000t\000r\000u\000c\000t\000i\000o\000n}{section.4.2}% 68
\BOOKMARK [2][-]{subsection.4.2.3}{\376\377\000C\000O\000R\000T\000E\000X\000\040\000P\000e\000r\000c\000e\000p\000t\000i\000o\000n\000\040\000M\000o\000d\000u\000l\000e\000\040\000I\000m\000p\000l\000e\000m\000e\000n\000t\000a\000t\000i\000o\000n}{section.4.2}% 69
\BOOKMARK [2][-]{subsection.4.2.4}{\376\377\000P\000l\000a\000n\000n\000e\000r\000:\000\040\000T\000a\000s\000k\000\040\000D\000e\000c\000o\000m\000p\000o\000s\000i\000t\000i\000o\000n}{section.4.2}% 70
\BOOKMARK [2][-]{subsection.4.2.5}{\376\377\000E\000x\000e\000c\000u\000t\000i\000o\000n\000\040\000E\000n\000g\000i\000n\000e\000:\000\040\000H\000y\000b\000r\000i\000d\000\040\000R\000e\000t\000r\000i\000e\000v\000a\000l}{section.4.2}% 71
\BOOKMARK [2][-]{subsection.4.2.6}{\376\377\000R\000e\000a\000s\000o\000n\000i\000n\000g\000\040\000\046\000\040\000S\000y\000n\000t\000h\000e\000s\000i\000s}{section.4.2}% 72
\BOOKMARK [1][-]{section.4.3}{\376\377\000E\000x\000p\000e\000r\000i\000m\000e\000n\000t\000a\000l\000\040\000D\000e\000s\000i\000g\000n\000\040\000a\000n\000d\000\040\000R\000e\000s\000u\000l\000t\000s}{chapter.4}% 73
\BOOKMARK [2][-]{subsection.4.3.1}{\376\377\000D\000a\000t\000a\000s\000e\000t\000\040\000C\000o\000n\000s\000t\000r\000u\000c\000t\000i\000o\000n}{section.4.3}% 74
\BOOKMARK [2][-]{subsection.4.3.2}{\376\377\000B\000a\000s\000e\000l\000i\000n\000e\000\040\000M\000o\000d\000e\000l\000\040\000C\000o\000n\000f\000i\000g\000u\000r\000a\000t\000i\000o\000n}{section.4.3}% 75
\BOOKMARK [2][-]{subsection.4.3.3}{\376\377\000E\000v\000a\000l\000u\000a\000t\000i\000o\000n\000\040\000M\000e\000t\000r\000i\000c\000s\000\040\000a\000n\000d\000\040\000R\000e\000s\000u\000l\000t\000s}{section.4.3}% 76
\BOOKMARK [2][-]{subsection.4.3.4}{\376\377\000A\000b\000l\000a\000t\000i\000o\000n\000\040\000S\000t\000u\000d\000y}{section.4.3}% 77
\BOOKMARK [1][-]{section.4.4}{\376\377\000S\000u\000m\000m\000a\000r\000y\000\040\000o\000f\000\040\000F\000i\000n\000d\000i\000n\000g\000s}{chapter.4}% 78
\BOOKMARK [2][-]{subsection.4.4.1}{\376\377\000R\000e\000s\000p\000o\000n\000s\000e\000\040\000t\000o\000\040\000R\000e\000s\000e\000a\000r\000c\000h\000\040\000Q\000u\000e\000s\000t\000i\000o\000n\000s}{section.4.4}% 79
\BOOKMARK [2][-]{subsection.4.4.2}{\376\377\000A\000r\000c\000h\000i\000t\000e\000c\000t\000u\000r\000a\000l\000\040\000I\000n\000n\000o\000v\000a\000t\000i\000o\000n\000s}{section.4.4}% 80
\BOOKMARK [2][-]{subsection.4.4.3}{\376\377\000L\000i\000m\000i\000t\000a\000t\000i\000o\000n\000s\000\040\000a\000n\000d\000\040\000F\000u\000t\000u\000r\000e\000\040\000D\000i\000r\000e\000c\000t\000i\000o\000n\000s}{section.4.4}% 81
\BOOKMARK [0][-]{chapter.5}{\376\377\000C\000a\000s\000e\000\040\000S\000t\000u\000d\000y\000\040\000I\000I\000:\000\040\000M\000e\000d\000i\000c\000a\000l\000\040\000U\000l\000t\000r\000a\000s\000o\000u\000n\000d\000\040\000D\000i\000a\000g\000n\000o\000s\000i\000s}{}% 82
\BOOKMARK [1][-]{section.5.1}{\376\377\000C\000l\000i\000n\000i\000c\000a\000l\000\040\000P\000r\000o\000b\000l\000e\000m\000\040\000S\000t\000a\000t\000e\000m\000e\000n\000t}{chapter.5}% 83
\BOOKMARK [2][-]{subsection.5.1.1}{\376\377\000D\000i\000a\000g\000n\000o\000s\000t\000i\000c\000\040\000C\000o\000m\000p\000l\000e\000x\000i\000t\000y\000\040\000i\000n\000\040\000M\000e\000d\000i\000c\000a\000l\000\040\000I\000m\000a\000g\000i\000n\000g}{section.5.1}% 84
\BOOKMARK [2][-]{subsection.5.1.2}{\376\377\000C\000u\000r\000r\000e\000n\000t\000\040\000L\000i\000m\000i\000t\000a\000t\000i\000o\000n\000s\000\040\000i\000n\000\040\000M\000e\000d\000i\000c\000a\000l\000\040\000A\000I}{section.5.1}% 85
\BOOKMARK [1][-]{section.5.2}{\376\377\000P\000r\000e\000d\000i\000c\000t\000i\000v\000e\000\040\000T\000w\000i\000n\000\040\000D\000e\000s\000i\000g\000n\000\040\000a\000n\000d\000\040\000C\000O\000R\000T\000E\000X\000\040\000A\000d\000a\000p\000t\000a\000t\000i\000o\000n}{chapter.5}% 86
\BOOKMARK [2][-]{subsection.5.2.1}{\376\377\000N\000o\000n\000-\000V\000i\000s\000u\000a\000l\000\040\000D\000i\000g\000i\000t\000a\000l\000\040\000T\000w\000i\000n\000\040\000A\000r\000c\000h\000i\000t\000e\000c\000t\000u\000r\000e}{section.5.2}% 87
\BOOKMARK [2][-]{subsection.5.2.2}{\376\377\000C\000O\000R\000T\000E\000X\000\040\000M\000e\000d\000i\000c\000a\000l\000\040\000A\000d\000a\000p\000t\000a\000t\000i\000o\000n}{section.5.2}% 88
\BOOKMARK [2][-]{subsection.5.2.3}{\376\377\000S\000a\000f\000e\000t\000y\000\040\000a\000n\000d\000\040\000E\000t\000h\000i\000c\000s\000\040\000I\000m\000p\000l\000e\000m\000e\000n\000t\000a\000t\000i\000o\000n}{section.5.2}% 89
\BOOKMARK [1][-]{section.5.3}{\376\377\000E\000x\000p\000e\000r\000i\000m\000e\000n\000t\000a\000l\000\040\000D\000e\000s\000i\000g\000n\000\040\000a\000n\000d\000\040\000V\000a\000l\000i\000d\000a\000t\000i\000o\000n}{chapter.5}% 90
\BOOKMARK [2][-]{subsection.5.3.1}{\376\377\000C\000l\000i\000n\000i\000c\000a\000l\000\040\000C\000o\000l\000l\000a\000b\000o\000r\000a\000t\000i\000o\000n\000\040\000F\000r\000a\000m\000e\000w\000o\000r\000k}{section.5.3}% 91
\BOOKMARK [2][-]{subsection.5.3.2}{\376\377\000E\000v\000a\000l\000u\000a\000t\000i\000o\000n\000\040\000F\000r\000a\000m\000e\000w\000o\000r\000k}{section.5.3}% 92
\BOOKMARK [2][-]{subsection.5.3.3}{\376\377\000V\000a\000l\000i\000d\000a\000t\000i\000o\000n\000\040\000P\000r\000o\000t\000o\000c\000o\000l}{section.5.3}% 93
\BOOKMARK [1][-]{section.5.4}{\376\377\000S\000u\000m\000m\000a\000r\000y\000\040\000o\000f\000\040\000F\000i\000n\000d\000i\000n\000g\000s}{chapter.5}% 94
\BOOKMARK [2][-]{subsection.5.4.1}{\376\377\000C\000l\000i\000n\000i\000c\000a\000l\000\040\000V\000a\000l\000u\000e\000\040\000A\000s\000s\000e\000s\000s\000m\000e\000n\000t}{section.5.4}% 95
\BOOKMARK [2][-]{subsection.5.4.2}{\376\377\000T\000e\000c\000h\000n\000i\000c\000a\000l\000\040\000V\000a\000l\000i\000d\000a\000t\000i\000o\000n}{section.5.4}% 96
\BOOKMARK [2][-]{subsection.5.4.3}{\376\377\000L\000i\000m\000i\000t\000a\000t\000i\000o\000n\000s\000\040\000a\000n\000d\000\040\000F\000u\000t\000u\000r\000e\000\040\000D\000i\000r\000e\000c\000t\000i\000o\000n\000s}{section.5.4}% 97
\BOOKMARK [2][-]{subsection.5.4.4}{\376\377\000T\000h\000e\000o\000r\000e\000t\000i\000c\000a\000l\000\040\000C\000o\000n\000t\000r\000i\000b\000u\000t\000i\000o\000n\000s}{section.5.4}% 98
\BOOKMARK [0][-]{chapter.6}{\376\377\000C\000a\000s\000e\000\040\000S\000t\000u\000d\000y\000\040\000I\000I\000I\000:\000\040\000A\000u\000t\000o\000n\000o\000m\000o\000u\000s\000\040\000T\000a\000s\000k\000\040\000P\000l\000a\000n\000n\000i\000n\000g\000\040\000f\000o\000r\000\040\000U\000A\000V\000s}{}% 99
\BOOKMARK [1][-]{section.6.1}{\376\377\000D\000o\000m\000a\000i\000n\000\040\000a\000n\000d\000\040\000M\000i\000s\000s\000i\000o\000n\000\040\000O\000b\000j\000e\000c\000t\000i\000v\000e\000s}{chapter.6}% 100
\BOOKMARK [2][-]{subsection.6.1.1}{\376\377\000G\000P\000S\000-\000D\000e\000n\000i\000e\000d\000\040\000U\000A\000V\000\040\000R\000e\000c\000o\000n\000n\000a\000i\000s\000s\000a\000n\000c\000e}{section.6.1}% 101
\BOOKMARK [2][-]{subsection.6.1.2}{\376\377\000L\0003\000\040\000I\000n\000t\000e\000r\000a\000c\000t\000i\000v\000e\000\040\000T\000w\000i\000n\000s\000\040\000R\000e\000q\000u\000i\000r\000e\000m\000e\000n\000t\000s}{section.6.1}% 102
\BOOKMARK [2][-]{subsection.6.1.3}{\376\377\000R\000e\000s\000e\000a\000r\000c\000h\000\040\000H\000y\000p\000o\000t\000h\000e\000s\000i\000s}{section.6.1}% 103
\BOOKMARK [1][-]{section.6.2}{\376\377\000I\000n\000t\000e\000r\000a\000c\000t\000i\000v\000e\000\040\000T\000w\000i\000n\000\040\000D\000e\000s\000i\000g\000n\000\040\000a\000n\000d\000\040\000C\000O\000R\000T\000E\000X\000\040\000C\000o\000n\000f\000i\000g\000u\000r\000a\000t\000i\000o\000n}{chapter.6}% 104
\BOOKMARK [2][-]{subsection.6.2.1}{\376\377\000D\000u\000a\000l\000-\000L\000o\000o\000p\000\040\000A\000r\000c\000h\000i\000t\000e\000c\000t\000u\000r\000e\000\040\000M\000a\000p\000p\000i\000n\000g}{section.6.2}% 105
\BOOKMARK [2][-]{subsection.6.2.2}{\376\377\000I\000n\000t\000e\000r\000a\000c\000t\000i\000v\000e\000\040\000D\000i\000g\000i\000t\000a\000l\000\040\000T\000w\000i\000n\000\040\000E\000n\000v\000i\000r\000o\000n\000m\000e\000n\000t}{section.6.2}% 106
\BOOKMARK [2][-]{subsection.6.2.3}{\376\377\000C\000O\000R\000T\000E\000X\000\040\000C\000o\000n\000f\000i\000g\000u\000r\000a\000t\000i\000o\000n}{section.6.2}% 107
\BOOKMARK [1][-]{section.6.3}{\376\377\000I\000m\000p\000l\000e\000m\000e\000n\000t\000a\000t\000i\000o\000n\000\040\000a\000n\000d\000\040\000V\000a\000l\000i\000d\000a\000t\000i\000o\000n}{chapter.6}% 108
\BOOKMARK [2][-]{subsection.6.3.1}{\376\377\000I\000m\000p\000l\000e\000m\000e\000n\000t\000a\000t\000i\000o\000n\000\040\000P\000l\000a\000n}{section.6.3}% 109
\BOOKMARK [2][-]{subsection.6.3.2}{\376\377\000E\000x\000p\000e\000r\000i\000m\000e\000n\000t\000a\000l\000\040\000D\000e\000s\000i\000g\000n}{section.6.3}% 110
\BOOKMARK [2][-]{subsection.6.3.3}{\376\377\000E\000x\000p\000e\000c\000t\000e\000d\000\040\000R\000e\000s\000u\000l\000t\000s\000\040\000a\000n\000d\000\040\000C\000o\000g\000n\000i\000t\000i\000v\000e\000\040\000G\000a\000i\000n\000s}{section.6.3}% 111
\BOOKMARK [2][-]{subsection.6.3.4}{\376\377\000T\000e\000c\000h\000n\000i\000c\000a\000l\000\040\000C\000h\000a\000l\000l\000e\000n\000g\000e\000s\000\040\000a\000n\000d\000\040\000S\000o\000l\000u\000t\000i\000o\000n\000s}{section.6.3}% 112
\BOOKMARK [1][-]{section.6.4}{\376\377\000S\000u\000m\000m\000a\000r\000y\000\040\000o\000f\000\040\000F\000i\000n\000d\000i\000n\000g\000s}{chapter.6}% 113
\BOOKMARK [2][-]{subsection.6.4.1}{\376\377\000L\0003\000\040\000I\000n\000t\000e\000r\000a\000c\000t\000i\000v\000e\000\040\000T\000w\000i\000n\000s\000\040\000V\000a\000l\000i\000d\000a\000t\000i\000o\000n}{section.6.4}% 114
\BOOKMARK [2][-]{subsection.6.4.2}{\376\377\000C\000O\000R\000T\000E\000X\000\040\000A\000r\000c\000h\000i\000t\000e\000c\000t\000u\000r\000e\000\040\000C\000o\000m\000p\000l\000e\000t\000i\000o\000n}{section.6.4}% 115
\BOOKMARK [2][-]{subsection.6.4.3}{\376\377\000T\000h\000e\000o\000r\000e\000t\000i\000c\000a\000l\000\040\000a\000n\000d\000\040\000P\000r\000a\000c\000t\000i\000c\000a\000l\000\040\000I\000m\000p\000l\000i\000c\000a\000t\000i\000o\000n\000s}{section.6.4}% 116
\BOOKMARK [2][-]{subsection.6.4.4}{\376\377\000I\000m\000p\000l\000e\000m\000e\000n\000t\000a\000t\000i\000o\000n\000\040\000T\000i\000m\000e\000l\000i\000n\000e\000\040\000a\000n\000d\000\040\000F\000u\000t\000u\000r\000e\000\040\000W\000o\000r\000k}{section.6.4}% 117
\BOOKMARK [0][-]{chapter.7}{\376\377\000G\000e\000n\000e\000r\000a\000l\000\040\000D\000i\000s\000c\000u\000s\000s\000i\000o\000n}{}% 118
\BOOKMARK [1][-]{section.7.1}{\376\377\000S\000y\000n\000t\000h\000e\000s\000i\000s\000\040\000A\000c\000r\000o\000s\000s\000\040\000t\000h\000e\000\040\000C\000o\000g\000n\000i\000t\000i\000v\000e\000\040\000L\000a\000y\000e\000r\000s}{chapter.7}% 119
\BOOKMARK [2][-]{subsection.7.1.1}{\376\377\000O\000v\000e\000r\000a\000l\000l\000\040\000V\000a\000l\000i\000d\000a\000t\000i\000o\000n\000\040\000R\000e\000s\000u\000l\000t\000s\000\040\000A\000c\000r\000o\000s\000s\000\040\000T\000h\000r\000e\000e\000\040\000C\000a\000s\000e\000\040\000S\000t\000u\000d\000i\000e\000s}{section.7.1}% 120
\BOOKMARK [2][-]{subsection.7.1.2}{\376\377\000C\000O\000R\000T\000E\000X\000\040\000A\000r\000c\000h\000i\000t\000e\000c\000t\000u\000r\000e\000\040\000E\000f\000f\000e\000c\000t\000i\000v\000e\000n\000e\000s\000s\000\040\000a\000n\000d\000\040\000A\000d\000a\000p\000t\000a\000b\000i\000l\000i\000t\000y}{section.7.1}% 121
\BOOKMARK [2][-]{subsection.7.1.3}{\376\377\000T\000h\000e\000o\000r\000e\000t\000i\000c\000a\000l\000\040\000V\000a\000l\000i\000d\000a\000t\000i\000o\000n\000\040\000o\000f\000\040\000t\000h\000e\000\040\000T\000h\000r\000e\000e\000-\000L\000a\000y\000e\000r\000\040\000F\000r\000a\000m\000e\000w\000o\000r\000k}{section.7.1}% 122
\BOOKMARK [1][-]{section.7.2}{\376\377\000A\000n\000s\000w\000e\000r\000i\000n\000g\000\040\000t\000h\000e\000\040\000R\000e\000s\000e\000a\000r\000c\000h\000\040\000Q\000u\000e\000s\000t\000i\000o\000n\000s}{chapter.7}% 123
\BOOKMARK [2][-]{subsection.7.2.1}{\376\377\000R\000Q\0001\000:\000\040\000C\000l\000a\000s\000s\000i\000f\000i\000c\000a\000t\000i\000o\000n\000\040\000F\000r\000a\000m\000e\000w\000o\000r\000k}{section.7.2}% 124
\BOOKMARK [2][-]{subsection.7.2.2}{\376\377\000R\000Q\0002\000:\000\040\000A\000r\000c\000h\000i\000t\000e\000c\000t\000u\000r\000e\000\040\000D\000e\000s\000i\000g\000n}{section.7.2}% 125
\BOOKMARK [2][-]{subsection.7.2.3}{\376\377\000R\000Q\0003\000:\000\040\000E\000m\000p\000i\000r\000i\000c\000a\000l\000\040\000E\000v\000a\000l\000u\000a\000t\000i\000o\000n}{section.7.2}% 126
\BOOKMARK [1][-]{section.7.3}{\376\377\000T\000h\000e\000o\000r\000e\000t\000i\000c\000a\000l\000\040\000C\000o\000n\000t\000r\000i\000b\000u\000t\000i\000o\000n\000s\000\040\000a\000n\000d\000\040\000P\000r\000a\000c\000t\000i\000c\000a\000l\000\040\000I\000m\000p\000l\000i\000c\000a\000t\000i\000o\000n\000s}{chapter.7}% 127
\BOOKMARK [2][-]{subsection.7.3.1}{\376\377\000T\000h\000e\000o\000r\000e\000t\000i\000c\000a\000l\000\040\000I\000m\000p\000a\000c\000t}{section.7.3}% 128
\BOOKMARK [2][-]{subsection.7.3.2}{\376\377\000P\000r\000a\000c\000t\000i\000c\000a\000l\000\040\000I\000m\000p\000a\000c\000t}{section.7.3}% 129
\BOOKMARK [1][-]{section.7.4}{\376\377\000L\000i\000m\000i\000t\000a\000t\000i\000o\000n\000s\000\040\000a\000n\000d\000\040\000F\000u\000t\000u\000r\000e\000\040\000W\000o\000r\000k}{chapter.7}% 130
\BOOKMARK [2][-]{subsection.7.4.1}{\376\377\000C\000u\000r\000r\000e\000n\000t\000\040\000L\000i\000m\000i\000t\000a\000t\000i\000o\000n\000s\000\040\000A\000n\000a\000l\000y\000s\000i\000s}{section.7.4}% 131
\BOOKMARK [2][-]{subsection.7.4.2}{\376\377\000T\000e\000c\000h\000n\000i\000c\000a\000l\000\040\000D\000e\000v\000e\000l\000o\000p\000m\000e\000n\000t\000\040\000D\000i\000r\000e\000c\000t\000i\000o\000n\000s}{section.7.4}% 132
\BOOKMARK [2][-]{subsection.7.4.3}{\376\377\000R\000e\000s\000e\000a\000r\000c\000h\000\040\000F\000r\000o\000n\000t\000i\000e\000r\000s\000\040\000a\000n\000d\000\040\000C\000h\000a\000l\000l\000e\000n\000g\000e\000s}{section.7.4}% 133
\BOOKMARK [2][-]{subsection.7.4.4}{\376\377\000L\000o\000n\000g\000-\000t\000e\000r\000m\000\040\000V\000i\000s\000i\000o\000n}{section.7.4}% 134
\BOOKMARK [0][-]{chapter.8}{\376\377\000C\000o\000n\000c\000l\000u\000s\000i\000o\000n}{}% 135
\BOOKMARK [0][-]{appendix.A}{\376\377\000I\000n\000d\000e\000x\000\040\000o\000f\000\040\000g\000l\000o\000s\000s\000a\000r\000y\000\040\000t\000e\000r\000m\000s}{}% 136
\BOOKMARK [0][-]{section*.18}{\376\377\000B\000i\000b\000l\000i\000o\000g\000r\000a\000p\000h\000y}{}% 137
